2024-08-14 23:20:42,893 - INFO - Starting the 7apps FastAPI application
2024-08-14 23:20:49,256 - INFO - PDF uploaded successfully: gubre.pdf with ID 4fd1b3ec-7d1b-4035-abeb-4b41c4b67b9d
2024-08-14 23:20:49,532 - INFO - select pg_catalog.version()
2024-08-14 23:20:49,533 - INFO - [raw sql] ()
2024-08-14 23:20:49,535 - INFO - select current_schema()
2024-08-14 23:20:49,536 - INFO - [raw sql] ()
2024-08-14 23:20:49,538 - INFO - show standard_conforming_strings
2024-08-14 23:20:49,539 - INFO - [raw sql] ()
2024-08-14 23:20:49,542 - INFO - BEGIN (implicit)
2024-08-14 23:20:49,544 - INFO - INSERT INTO pdf_metadata (pdf_id, filename, txt_file_path, page_count, file_content) VALUES ($1::VARCHAR, $2::VARCHAR, $3::VARCHAR, $4::INTEGER, $5::VARCHAR) RETURNING pdf_metadata.id
2024-08-14 23:20:49,546 - INFO - [generated in 0.00187s] ('4fd1b3ec-7d1b-4035-abeb-4b41c4b67b9d', 'gubre.pdf', 'saved_txt\\4fd1b3ec-7d1b-4035-abeb-4b41c4b67b9d.txt', 1, ' \n \n \n \n \n \n \n \n \n \n \nPROFORMA FATURA  \n \nEKO DENGE ENERJÝ YATIRIMLARI VE                      29.07.2024  \nTARIM TEKNOLOJÝLERÝ SAN. A. ... (587 characters truncated) ... timi Peþin.  \n  \n Bilgilerinize sunulur.  \n \n         Saygýlarýmýzla.  \n \n \n \n \n \n \n \n \n \n \n \n \n \n \n \n \n \n \n \n \n \n \n \n \n')
2024-08-14 23:20:49,549 - INFO - COMMIT
2024-08-14 23:20:49,552 - INFO - BEGIN (implicit)
2024-08-14 23:20:49,557 - INFO - SELECT pdf_metadata.id, pdf_metadata.pdf_id, pdf_metadata.filename, pdf_metadata.txt_file_path, pdf_metadata.page_count, pdf_metadata.file_content 
FROM pdf_metadata 
WHERE pdf_metadata.id = $1::INTEGER
2024-08-14 23:20:49,559 - INFO - [generated in 0.00185s] (9,)
2024-08-14 23:20:49,561 - INFO - Metadata stored successfully for PDF ID 4fd1b3ec-7d1b-4035-abeb-4b41c4b67b9d
2024-08-14 23:20:49,562 - INFO - ROLLBACK
2024-08-14 23:21:02,731 - INFO - BEGIN (implicit)
2024-08-14 23:21:02,732 - INFO - SELECT pdf_metadata.id, pdf_metadata.pdf_id, pdf_metadata.filename, pdf_metadata.txt_file_path, pdf_metadata.page_count, pdf_metadata.file_content 
FROM pdf_metadata 
WHERE pdf_metadata.pdf_id = $1::VARCHAR
2024-08-14 23:21:02,735 - INFO - [generated in 0.00212s] ('e53c6773-1414-4e9b-8e0c-05f375976475',)
2024-08-14 23:21:02,738 - INFO - Processing chat request for PDF ID e53c6773-1414-4e9b-8e0c-05f375976475
2024-08-14 23:21:05,517 - INFO - Generated response for PDF ID e53c6773-1414-4e9b-8e0c-05f375976475
2024-08-14 23:21:05,518 - INFO - ROLLBACK
2024-08-14 23:21:51,831 - INFO - BEGIN (implicit)
2024-08-14 23:21:51,831 - INFO - SELECT pdf_metadata.id, pdf_metadata.pdf_id, pdf_metadata.filename, pdf_metadata.txt_file_path, pdf_metadata.page_count, pdf_metadata.file_content 
FROM pdf_metadata 
WHERE pdf_metadata.pdf_id = $1::VARCHAR
2024-08-14 23:21:51,832 - INFO - [cached since 49.1s ago] ('e53c6773-1414-4e9b-8e0c-05f37597647',)
2024-08-14 23:21:51,834 - ERROR - PDF with ID e53c6773-1414-4e9b-8e0c-05f37597647 not found.
2024-08-14 23:21:51,834 - INFO - ROLLBACK
2024-08-14 23:21:51,835 - ERROR - HTTP exception occurred: PDF not found
2024-08-14 23:22:09,062 - WARNING - Invalid file type uploaded: application/octet-stream
2024-08-14 23:22:09,062 - ERROR - HTTP exception occurred: Invalid file type. Only PDFs are allowed.
2024-08-14 23:22:30,344 - INFO - Starting the 7apps FastAPI application
2024-08-14 23:22:43,916 - WARNING - Invalid file type uploaded: application/octet-stream
2024-08-14 23:22:43,917 - ERROR - HTTP exception occurred: Invalid file type. Only PDFs are allowed.
2024-08-14 23:22:50,574 - INFO - PDF uploaded successfully: dene.pdf with ID 00f3bc26-6142-40b8-a45b-874e55090e5d
2024-08-14 23:22:50,702 - INFO - select pg_catalog.version()
2024-08-14 23:22:50,704 - INFO - [raw sql] ()
2024-08-14 23:22:50,706 - INFO - select current_schema()
2024-08-14 23:22:50,707 - INFO - [raw sql] ()
2024-08-14 23:22:50,709 - INFO - show standard_conforming_strings
2024-08-14 23:22:50,709 - INFO - [raw sql] ()
2024-08-14 23:22:50,711 - INFO - BEGIN (implicit)
2024-08-14 23:22:50,715 - INFO - INSERT INTO pdf_metadata (pdf_id, filename, txt_file_path, page_count, file_content) VALUES ($1::VARCHAR, $2::VARCHAR, $3::VARCHAR, $4::INTEGER, $5::VARCHAR) RETURNING pdf_metadata.id
2024-08-14 23:22:50,716 - INFO - [generated in 0.00103s] ('00f3bc26-6142-40b8-a45b-874e55090e5d', 'dene.pdf', 'saved_txt\\00f3bc26-6142-40b8-a45b-874e55090e5d.txt', 1, '')
2024-08-14 23:22:50,719 - INFO - COMMIT
2024-08-14 23:22:50,723 - INFO - BEGIN (implicit)
2024-08-14 23:22:50,727 - INFO - SELECT pdf_metadata.id, pdf_metadata.pdf_id, pdf_metadata.filename, pdf_metadata.txt_file_path, pdf_metadata.page_count, pdf_metadata.file_content 
FROM pdf_metadata 
WHERE pdf_metadata.id = $1::INTEGER
2024-08-14 23:22:50,729 - INFO - [generated in 0.00186s] (10,)
2024-08-14 23:22:50,732 - INFO - Metadata stored successfully for PDF ID 00f3bc26-6142-40b8-a45b-874e55090e5d
2024-08-14 23:22:50,732 - INFO - ROLLBACK
2024-08-14 23:24:20,557 - INFO - Starting the 7apps FastAPI application
2024-08-14 23:24:21,515 - INFO - PDF uploaded successfully: dene.pdf with ID bfc52111-dc55-4cbc-b492-b60a91051b60
2024-08-14 23:24:21,663 - INFO - select pg_catalog.version()
2024-08-14 23:24:21,664 - INFO - [raw sql] ()
2024-08-14 23:24:21,667 - INFO - select current_schema()
2024-08-14 23:24:21,668 - INFO - [raw sql] ()
2024-08-14 23:24:21,670 - INFO - show standard_conforming_strings
2024-08-14 23:24:21,670 - INFO - [raw sql] ()
2024-08-14 23:24:21,673 - INFO - BEGIN (implicit)
2024-08-14 23:24:21,677 - INFO - INSERT INTO pdf_metadata (pdf_id, filename, txt_file_path, page_count, file_content) VALUES ($1::VARCHAR, $2::VARCHAR, $3::VARCHAR, $4::INTEGER, $5::VARCHAR) RETURNING pdf_metadata.id
2024-08-14 23:24:21,678 - INFO - [generated in 0.00155s] ('bfc52111-dc55-4cbc-b492-b60a91051b60', 'dene.pdf', 'saved_txt\\bfc52111-dc55-4cbc-b492-b60a91051b60.txt', 1, '')
2024-08-14 23:24:21,683 - INFO - COMMIT
2024-08-14 23:24:21,687 - INFO - BEGIN (implicit)
2024-08-14 23:24:21,694 - INFO - SELECT pdf_metadata.id, pdf_metadata.pdf_id, pdf_metadata.filename, pdf_metadata.txt_file_path, pdf_metadata.page_count, pdf_metadata.file_content 
FROM pdf_metadata 
WHERE pdf_metadata.id = $1::INTEGER
2024-08-14 23:24:21,695 - INFO - [generated in 0.00186s] (11,)
2024-08-14 23:24:21,700 - INFO - Metadata stored successfully for PDF ID bfc52111-dc55-4cbc-b492-b60a91051b60
2024-08-14 23:24:21,701 - INFO - ROLLBACK
2024-08-14 23:25:18,598 - INFO - Starting the 7apps FastAPI application
2024-08-14 23:25:30,063 - INFO - Starting the 7apps FastAPI application
2024-08-14 23:25:31,505 - WARNING - Did not find boundary character 37 at index 2
2024-08-14 23:25:40,322 - INFO - PDF uploaded successfully: dene.pdf with ID 6badb7c1-aaaf-404e-83cb-f81c9ab402e7
2024-08-14 23:25:40,534 - INFO - Metadata stored successfully for PDF ID 6badb7c1-aaaf-404e-83cb-f81c9ab402e7
2024-08-14 23:25:55,355 - INFO - Starting the 7apps FastAPI application
2024-08-14 23:26:03,455 - INFO - Starting the 7apps FastAPI application
2024-08-14 23:26:25,079 - INFO - Starting the 7apps FastAPI application
2024-08-14 23:26:27,784 - INFO - PDF uploaded successfully: gubre.pdf with ID b107ee5c-fef4-4dcc-b1ef-88f6ef06d2bf
2024-08-14 23:26:27,978 - INFO - Metadata stored successfully for PDF ID b107ee5c-fef4-4dcc-b1ef-88f6ef06d2bf
